<?xml version="1.0" encoding="UTF-8"?>
<testsuite xmlns:xsi="http://www.w3.org/2001/XMLSchema-instance" xsi:noNamespaceSchemaLocation="https://maven.apache.org/surefire/maven-surefire-plugin/xsd/surefire-test-report.xsd" name="in.kmit.ABC.AppTest" time="0.056" tests="1" errors="0" skipped="0" failures="0">
  <properties>
    <property name="java.specification.version" value="19"/>
    <property name="sun.cpu.isalist" value="amd64"/>
    <property name="sun.jnu.encoding" value="Cp1252"/>
    <property name="java.class.path" value="A:\Desktop\se_workfiles\ABC\target\test-classes;A:\Desktop\se_workfiles\ABC\target\classes;C:\Users\advai\.m2\repository\junit\junit\4.11\junit-4.11.jar;C:\Users\advai\.m2\repository\org\hamcrest\hamcrest-core\1.3\hamcrest-core-1.3.jar;"/>
    <property name="java.vm.vendor" value="Oracle Corporation"/>
    <property name="sun.arch.data.model" value="64"/>
    <property name="user.variant" value=""/>
    <property name="java.vendor.url" value="https://java.oracle.com/"/>
    <property name="user.timezone" value="Asia/Calcutta"/>
    <property name="os.name" value="Windows 10"/>
    <property name="java.vm.specification.version" value="19"/>
    <property name="sun.java.launcher" value="SUN_STANDARD"/>
    <property name="user.country" value="IN"/>
    <property name="sun.boot.library.path" value="A:\Downloads\java comp\bin"/>
    <property name="sun.java.command" value="C:\Users\advai\AppData\Local\Temp\surefire10778491112072176962\surefirebooter8088622739853568500.jar C:\Users\advai\AppData\Local\Temp\surefire10778491112072176962 2023-11-23T11-32-38_986-jvmRun1 surefire8690125267465447541tmp surefire_0210947773841623394tmp"/>
    <property name="jdk.debug" value="release"/>
    <property name="surefire.test.class.path" value="A:\Desktop\se_workfiles\ABC\target\test-classes;A:\Desktop\se_workfiles\ABC\target\classes;C:\Users\advai\.m2\repository\junit\junit\4.11\junit-4.11.jar;C:\Users\advai\.m2\repository\org\hamcrest\hamcrest-core\1.3\hamcrest-core-1.3.jar;"/>
    <property name="sun.cpu.endian" value="little"/>
    <property name="user.home" value="C:\Users\advai"/>
    <property name="user.language" value="en"/>
    <property name="java.specification.vendor" value="Oracle Corporation"/>
    <property name="java.version.date" value="2022-10-18"/>
    <property name="java.home" value="A:\Downloads\java comp"/>
    <property name="file.separator" value="\"/>
    <property name="basedir" value="A:\Desktop\se_workfiles\ABC"/>
    <property name="style.color" value="always"/>
    <property name="java.vm.compressedOopsMode" value="Zero based"/>
    <property name="line.separator" value="&#10;"/>
    <property name="java.vm.specification.vendor" value="Oracle Corporation"/>
    <property name="java.specification.name" value="Java Platform API Specification"/>
    <property name="surefire.real.class.path" value="C:\Users\advai\AppData\Local\Temp\surefire10778491112072176962\surefirebooter8088622739853568500.jar"/>
    <property name="user.script" value=""/>
    <property name="sun.management.compiler" value="HotSpot 64-Bit Tiered Compilers"/>
    <property name="java.runtime.version" value="19.0.1+10-21"/>
    <property name="user.name" value="advai"/>
    <property name="stdout.encoding" value="Cp1252"/>
    <property name="path.separator" value=";"/>
    <property name="os.version" value="10.0"/>
    <property name="java.runtime.name" value="Java(TM) SE Runtime Environment"/>
    <property name="file.encoding" value="UTF-8"/>
    <property name="java.vm.name" value="Java HotSpot(TM) 64-Bit Server VM"/>
    <property name="localRepository" value="C:\Users\advai\.m2\repository"/>
    <property name="java.vendor.url.bug" value="https://bugreport.java.com/bugreport/"/>
    <property name="java.io.tmpdir" value="C:\Users\advai\AppData\Local\Temp\"/>
    <property name="java.version" value="19.0.1"/>
    <property name="user.dir" value="A:\Desktop\se_workfiles\ABC"/>
    <property name="os.arch" value="amd64"/>
    <property name="java.vm.specification.name" value="Java Virtual Machine Specification"/>
    <property name="sun.os.patch.level" value=""/>
    <property name="native.encoding" value="Cp1252"/>
    <property name="java.library.path" value="A:\Downloads\java comp\bin;C:\Windows\Sun\Java\bin;C:\Windows\system32;C:\Windows;A:\Downloads\mpi_pp\Bin\;C:\Program Files\Common Files\Oracle\Java\javapath;A:\Downloads\snakesnake\Scripts\;A:\Downloads\snakesnake\;C:\Windows\system32;C:\Windows;C:\Windows\System32\Wbem;C:\Windows\System32\WindowsPowerShell\v1.0\;C:\Windows\System32\OpenSSH\;C:\Program Files (x86)\MinGW\mingw32\bin;C:\ProgramData\chocolatey\bin;C:\Program Files\dotnet\;A:\Downloads\java comp\bin;C:\Program Files\MySQL\MySQL Server 8.0\bin;A:\Downloads\mysql-connector-j-8.0.33.jar;C:\Program Files (x86)\MySQL\Connector J 8.0;C:\Program Files\MySQL\Connector J 8.0\mysql-connector-j-8.0.33.jar;A:\Downloads\node_JS\;A:\Downloads\apacheMaven\apache-maven-3.9.5;A:\Downloads\apacheMaven\apache-maven-3.9.5\bin;A:\Downloads\mpi_pp\Bin;C:\Program Files\MySQL\MySQL Shell 8.0\bin\;C:\Users\advai\AppData\Local\Microsoft\WindowsApps;C:\Program Files (x86)\MinGW\mingw32\bin;C:\Users\advai\AppData\Roaming\npm;A:\Downloads\snakesnake;A:\Downloads\snakesnake\Scripts;A:\Downloads\java comp\bin;A:\Downloads\vsCode\Microsoft VS Code\bin;A:\Downloads\java comp\bin;C:\Program Files\MySQL\MySQL Server 8.0\bin;A:\Downloads\mysql-connector-j-8.0.33.jar;A:\Downloads\java comp\bin;C:\Program Files (x86)\MySQL\Connector J 8.0;C:\Program Files\MySQL\Connector J 8.0\mysql-connector-j-8.0.33.jar;A:\Downloads\node_JS\;A:\Downloads\apacheMaven\apache-maven-3.9.5;A:\Downloads\apacheMaven\apache-maven-3.9.5\bin;A:\Downloads\mpi_pp\Bin;;."/>
    <property name="java.vm.info" value="mixed mode, sharing"/>
    <property name="stderr.encoding" value="Cp1252"/>
    <property name="java.vendor" value="Oracle Corporation"/>
    <property name="java.vm.version" value="19.0.1+10-21"/>
    <property name="sun.io.unicode.encoding" value="UnicodeLittle"/>
    <property name="java.class.version" value="63.0"/>
  </properties>
  <testcase name="shouldAnswerWithTrue" classname="in.kmit.ABC.AppTest" time="0.005"/>
</testsuite>